<?xml version="1.0" encoding="UTF-8"?>
<!-- Generated by org.testng.reporters.JUnitReportReporter -->
<testsuite hostname="DESKTOP-JOQNLEJ" failures="0" tests="1" name="com.Vtiger.ContactTest.CreateContactWithSupportDateTest" time="45.990" errors="0" timestamp="2024-05-19T13:38:25 IST" skipped="0">
  <testcase classname="com.Vtiger.ContactTest.CreateContactWithSupportDateTest" name="createContactWithSupportDateTest" time="45.990"/>
  <system-out/>
</testsuite> <!-- com.Vtiger.ContactTest.CreateContactWithSupportDateTest -->
