<?xml version="1.0" encoding="UTF-8"?>
<!-- Generated by org.testng.reporters.JUnitReportReporter -->
<testsuite hostname="DESKTOP-JOQNLEJ" failures="0" tests="1" name="practise.datadruiventesting.ToReadDataFromDatabaseBasedOnCondition" time="0.477" errors="0" timestamp="2024-05-04T12:22:52 IST" skipped="0">
  <testcase classname="practise.datadruiventesting.ToReadDataFromDatabaseBasedOnCondition" name="basedOnCondition" time="0.477"/>
  <system-out/>
</testsuite> <!-- practise.datadruiventesting.ToReadDataFromDatabaseBasedOnCondition -->
