<?xml version="1.0" encoding="UTF-8"?>
<!-- Generated by org.testng.reporters.JUnitReportReporter -->
<testsuite hostname="DESKTOP-JOQNLEJ" failures="0" tests="1" name="practise.datadruiventesting.ToReadDataFromXmlCreateOrg" time="19.734" errors="0" timestamp="2024-05-03T18:14:11 IST" skipped="0">
  <testcase classname="practise.datadruiventesting.ToReadDataFromXmlCreateOrg" name="createOrgTest" time="19.734"/>
  <system-out/>
</testsuite> <!-- practise.datadruiventesting.ToReadDataFromXmlCreateOrg -->
