<?xml version="1.0" encoding="UTF-8"?>
<!-- Generated by org.testng.reporters.JUnitReportReporter -->
<testsuite hostname="DESKTOP-JOQNLEJ" failures="0" tests="3" name="practise.testng.AttributesOfPriority" time="0.010" errors="0" timestamp="2024-05-09T17:37:44 IST" skipped="0">
  <testcase classname="practise.testng.AttributesOfPriority" name="CreateOrder" time="0.008"/>
  <system-out/>
  <testcase classname="practise.testng.AttributesOfPriority" name="BillOrder" time="0.001"/>
  <system-out/>
  <testcase classname="practise.testng.AttributesOfPriority" name="PaymentOrder" time="0.001"/>
  <system-out/>
</testsuite> <!-- practise.testng.AttributesOfPriority -->
