<?xml version="1.0" encoding="UTF-8"?>
<!-- Generated by org.testng.reporters.JUnitReportReporter -->
<testsuite hostname="DESKTOP-JOQNLEJ" failures="0" tests="2" name="practise.testng.SampleExtentReport" time="10.198" errors="0" timestamp="2024-05-16T14:03:37 IST" skipped="0">
  <testcase classname="practise.testng.SampleExtentReport" name="toCreateContact" time="4.941"/>
  <system-out/>
  <testcase classname="practise.testng.SampleExtentReport" name="toCreateOrg" time="5.257"/>
  <system-out/>
</testsuite> <!-- practise.testng.SampleExtentReport -->
