<?xml version="1.0" encoding="UTF-8"?>
<!-- Generated by org.testng.reporters.JUnitReportReporter -->
<testsuite hostname="DESKTOP-JOQNLEJ" failures="0" tests="1" name="practise.testng.AttributeOfInvocationCount" time="0.002" errors="0" timestamp="2024-05-13T14:43:19 IST" skipped="0">
  <testcase classname="practise.testng.AttributeOfInvocationCount" name="CreateOrder" time="0.002"/>
  <system-out/>
</testsuite> <!-- practise.testng.AttributeOfInvocationCount -->
