<?xml version="1.0" encoding="UTF-8"?>
<!-- Generated by org.testng.reporters.JUnitReportReporter -->
<testsuite hostname="DESKTOP-JOQNLEJ" failures="0" tests="1" name="com.Vtiger.OrgTest.ToDeleteOrgTest" time="48.909" errors="0" timestamp="2024-05-19T13:38:25 IST" skipped="0">
  <testcase classname="com.Vtiger.OrgTest.ToDeleteOrgTest" name="DeleteOrgTest" time="48.909"/>
  <system-out/>
</testsuite> <!-- com.Vtiger.OrgTest.ToDeleteOrgTest -->
