<?xml version="1.0" encoding="UTF-8"?>
<!-- Generated by org.testng.reporters.JUnitReportReporter -->
<testsuite hostname="DESKTOP-JOQNLEJ" failures="0" tests="2" name="practise.testng.RegionalRegressionSuite" time="0.042" errors="0" timestamp="2024-05-13T14:43:19 IST" skipped="0">
  <testcase classname="practise.testng.RegionalRegressionSuite" name="PaymentOrder" time="0.002"/>
  <system-out/>
  <testcase classname="practise.testng.RegionalRegressionSuite" name="BillOrder" time="0.040"/>
  <system-out/>
</testsuite> <!-- practise.testng.RegionalRegressionSuite -->
