<?xml version="1.0" encoding="UTF-8"?>
<!-- Generated by org.testng.reporters.JUnitReportReporter -->
<testsuite hostname="DESKTOP-JOQNLEJ" failures="0" tests="2" name="practise.testng.AmazonDataProvider" time="15.996" errors="0" timestamp="2024-05-10T12:35:58 IST" skipped="0">
  <testcase classname="practise.testng.AmazonDataProvider" name="getPriceOfIPhone" time="9.860"/>
  <system-out/>
  <testcase classname="practise.testng.AmazonDataProvider" name="getPriceOfIPhone" time="6.136"/>
  <system-out/>
</testsuite> <!-- practise.testng.AmazonDataProvider -->
