<?xml version="1.0" encoding="UTF-8"?>
<!-- Generated by org.testng.reporters.JUnitReportReporter -->
<testsuite hostname="DESKTOP-JOQNLEJ" failures="0" tests="1" name="practise.datadruiventesting.ToReadDataFromJsonFileToCreateOrg" time="25.608" errors="0" timestamp="2024-05-03T12:44:20 IST" skipped="0">
  <testcase classname="practise.datadruiventesting.ToReadDataFromJsonFileToCreateOrg" name="createOrgTest" time="25.608"/>
  <system-out/>
</testsuite> <!-- practise.datadruiventesting.ToReadDataFromJsonFileToCreateOrg -->
