<?xml version="1.0" encoding="UTF-8"?>
<!-- Generated by org.testng.reporters.JUnitReportReporter -->
<testsuite hostname="DESKTOP-JOQNLEJ" failures="0" tests="1" name="com.Vtiger.OrgTest.CreateOrgWithIndustryAndTypeDropdownTest" time="43.294" errors="0" timestamp="2024-05-19T13:38:25 IST" skipped="0">
  <testcase classname="com.Vtiger.OrgTest.CreateOrgWithIndustryAndTypeDropdownTest" name="orgWithIndustryAndTypeDropdown" time="43.294"/>
  <system-out/>
</testsuite> <!-- com.Vtiger.OrgTest.CreateOrgWithIndustryAndTypeDropdownTest -->
