<?xml version="1.0" encoding="UTF-8"?>
<!-- Generated by org.testng.reporters.JUnitReportReporter -->
<testsuite hostname="DESKTOP-JOQNLEJ" failures="0" tests="2" name="practise.testng.SampleDataProvider" time="0.008" errors="0" timestamp="2024-05-10T10:21:00 IST" skipped="0">
  <testcase classname="practise.testng.SampleDataProvider" name="createContactData" time="0.001"/>
  <system-out/>
  <testcase classname="practise.testng.SampleDataProvider" name="createContactData" time="0.007"/>
  <system-out/>
</testsuite> <!-- practise.testng.SampleDataProvider -->
