<?xml version="1.0" encoding="UTF-8"?>
<!-- Generated by org.testng.reporters.JUnitReportReporter -->
<testsuite hostname="DESKTOP-JOQNLEJ" failures="0" tests="2" name="annotationspractise.Configurationannotation" time="0.009" errors="0" timestamp="2024-05-10T15:50:45 IST" skipped="0">
  <testcase classname="annotationspractise.Configurationannotation" name="toDeleteContact" time="0.000"/>
  <system-out/>
  <testcase classname="annotationspractise.Configurationannotation" name="toCreateContact" time="0.009"/>
  <system-out/>
</testsuite> <!-- annotationspractise.Configurationannotation -->
